<?xml version="1.0" encoding="UTF-8"?>
<testsuite xmlns:xsi="http://www.w3.org/2001/XMLSchema-instance" xsi:noNamespaceSchemaLocation="https://maven.apache.org/surefire/maven-surefire-plugin/xsd/surefire-test-report.xsd" version="3.0.2" name="com.carrefour.carrefour_kata.controller.OrderControllerIntegrationTest" time="0.839" tests="1" errors="0" skipped="0" failures="0">
  <properties>
[...]
</properties>
  <testcase name="testGetOrderHistory" classname="com.carrefour.carrefour_kata.controller.OrderControllerIntegrationTest" time="0.136">
    <system-out><![CDATA[2025-04-02T21:07:15.777+02:00  INFO 5836 --- [carrefour-kata] [           main] t.c.s.AnnotationConfigContextLoaderUtils : Could not detect default configuration classes for test class [com.carrefour.carrefour_kata.controller.OrderControllerIntegrationTest]: OrderControllerIntegrationTest does not declare any static, non-private, non-final, nested classes annotated with @Configuration.
2025-04-02T21:07:15.799+02:00  INFO 5836 --- [carrefour-kata] [           main] .b.t.c.SpringBootTestContextBootstrapper : Found @SpringBootConfiguration com.carrefour.carrefour_kata.CarrefourKataApplication for test class com.carrefour.carrefour_kata.controller.OrderControllerIntegrationTest
2025-04-02T21:07:15.805+02:00  INFO 5836 --- [carrefour-kata] [           main] o.s.b.d.r.RestartApplicationListener     : Restart disabled due to context in which it is running

  .   ____          _            __ _ _
 /\\ / ___'_ __ _ _(_)_ __  __ _ \ \ \ \
( ( )\___ | '_ | '_| | '_ \/ _` | \ \ \ \
 \\/  ___)| |_)| | | | | || (_| |  ) ) ) )
  '  |____| .__|_| |_|_| |_\__, | / / / /
 =========|_|==============|___/=/_/_/_/

 :: Spring Boot ::       (v3.4.5-SNAPSHOT)

2025-04-02T21:07:15.846+02:00  INFO 5836 --- [carrefour-kata] [           main] c.c.c.c.OrderControllerIntegrationTest   : Starting OrderControllerIntegrationTest using Java 21.0.6 with PID 5836 (started by heryn in C:\Users\heryn\Documents\Boulot\Tests\Java\carrefour-kata_alex\carrefour-kata)
2025-04-02T21:07:15.846+02:00  INFO 5836 --- [carrefour-kata] [           main] c.c.c.c.OrderControllerIntegrationTest   : No active profile set, falling back to 1 default profile: "default"
2025-04-02T21:07:15.994+02:00  INFO 5836 --- [carrefour-kata] [           main] .s.d.r.c.RepositoryConfigurationDelegate : Bootstrapping Spring Data JPA repositories in DEFAULT mode.
2025-04-02T21:07:16.008+02:00  INFO 5836 --- [carrefour-kata] [           main] .s.d.r.c.RepositoryConfigurationDelegate : Finished Spring Data repository scanning in 12 ms. Found 3 JPA repository interfaces.
2025-04-02T21:07:16.168+02:00  INFO 5836 --- [carrefour-kata] [           main] com.zaxxer.hikari.HikariDataSource       : HikariPool-2 - Starting...
2025-04-02T21:07:16.169+02:00  INFO 5836 --- [carrefour-kata] [           main] com.zaxxer.hikari.pool.HikariPool        : HikariPool-2 - Added connection conn10: url=jdbc:h2:mem:testdb user=SA
2025-04-02T21:07:16.169+02:00  INFO 5836 --- [carrefour-kata] [           main] com.zaxxer.hikari.HikariDataSource       : HikariPool-2 - Start completed.
2025-04-02T21:07:16.171+02:00  INFO 5836 --- [carrefour-kata] [           main] o.hibernate.jpa.internal.util.LogHelper  : HHH000204: Processing PersistenceUnitInfo [name: default]
2025-04-02T21:07:16.173+02:00  INFO 5836 --- [carrefour-kata] [           main] o.h.c.internal.RegionFactoryInitiator    : HHH000026: Second-level cache disabled
2025-04-02T21:07:16.182+02:00  INFO 5836 --- [carrefour-kata] [           main] o.s.o.j.p.SpringPersistenceUnitInfo      : No LoadTimeWeaver setup: ignoring JPA class transformer
2025-04-02T21:07:16.184+02:00  WARN 5836 --- [carrefour-kata] [           main] org.hibernate.orm.deprecation            : HHH90000025: H2Dialect does not need to be specified explicitly using 'hibernate.dialect' (remove the property setting and it will be selected by default)
2025-04-02T21:07:16.184+02:00  INFO 5836 --- [carrefour-kata] [           main] org.hibernate.orm.connections.pooling    : HHH10001005: Database info:
	Database JDBC URL [Connecting through datasource 'HikariDataSource (HikariPool-2)']
	Database driver: undefined/unknown
	Database version: 2.3.232
	Autocommit mode: undefined/unknown
	Isolation level: undefined/unknown
	Minimum pool size: undefined/unknown
	Maximum pool size: undefined/unknown
2025-04-02T21:07:16.248+02:00  INFO 5836 --- [carrefour-kata] [           main] o.h.e.t.j.p.i.JtaPlatformInitiator       : HHH000489: No JTA platform available (set 'hibernate.transaction.jta.platform' to enable JTA platform integration)
2025-04-02T21:07:16.257+02:00  INFO 5836 --- [carrefour-kata] [           main] j.LocalContainerEntityManagerFactoryBean : Initialized JPA EntityManagerFactory for persistence unit 'default'
2025-04-02T21:07:16.416+02:00  INFO 5836 --- [carrefour-kata] [           main] o.s.b.a.h2.H2ConsoleAutoConfiguration    : H2 console available at '/h2-console'. Database available at 'jdbc:h2:mem:testdb'
2025-04-02T21:07:16.459+02:00  INFO 5836 --- [carrefour-kata] [           main] o.s.b.t.m.w.SpringBootMockServletContext : Initializing Spring TestDispatcherServlet ''
2025-04-02T21:07:16.459+02:00  INFO 5836 --- [carrefour-kata] [           main] o.s.t.web.servlet.TestDispatcherServlet  : Initializing Servlet ''
2025-04-02T21:07:16.461+02:00  INFO 5836 --- [carrefour-kata] [           main] o.s.t.web.servlet.TestDispatcherServlet  : Completed initialization in 1 ms
2025-04-02T21:07:16.473+02:00  INFO 5836 --- [carrefour-kata] [           main] c.c.c.c.OrderControllerIntegrationTest   : Started OrderControllerIntegrationTest in 0.668 seconds (process running for 5.413)
]]></system-out>
  </testcase>
</testsuite>